<?xml version="1.0" encoding="UTF-8"?>
<testsuite xmlns:xsi="http://www.w3.org/2001/XMLSchema-instance" xsi:noNamespaceSchemaLocation="https://maven.apache.org/surefire/maven-surefire-plugin/xsd/surefire-test-report.xsd" name="TestSuite" time="35.972" tests="4" errors="0" skipped="0" failures="1">
  <properties>
[...]
</properties>
  <testcase name="runScenario" classname="com.cucumber.framework.runner.selectAnalysisFeatureRunner" time="12.681"/>
  <testcase name="runScenario" classname="com.cucumber.framework.runner.filterSportsFeatureRunner" time="5.722"/>
  <testcase name="runScenario" classname="com.cucumber.framework.runner.filterSportsListValidationFeatureRunner" time="6.511">
    <failure message="expected [KBO] but found [Lacrosse]" type="java.lang.AssertionError">java.lang.AssertionError: expected [KBO] but found [Lacrosse]
</failure>
    <system-out><![CDATA[
@regressionTesting
Scenario: Valid Sports Filter                      &amp#27;[90m# featurefile/filterSportsListValidation.feature:4&amp#27;[0m
browser lunched
  &amp#27;[32mGiven &amp#27;[0m&amp#27;[32mI am on &amp#27;[0m&amp#27;[32m&amp#27;[1m"https://www.pickswise.com/"&amp#27;[0m       &amp#27;[90m# com.cucumber.framework.stepdefinition.SportsFilter.i_am_on(java.lang.String)&amp#27;[0m
clicked on NextUp
  &amp#27;[32mWhen &amp#27;[0m&amp#27;[32mI Select the Next Up Sports Filter&amp#27;[0m          &amp#27;[90m# com.cucumber.framework.stepdefinition.SportsFilter.i_select_the_next_up_sports_filter()&amp#27;[0m
Successfully Validated All Sports
  &amp#27;[31mThen &amp#27;[0m&amp#27;[31mI can see an available list of valid Sports&amp#27;[0m &amp#27;[90m# com.cucumber.framework.stepdefinition.SportsFilter.i_can_see_an_available_list_of_valid_sports()&amp#27;[0m
      &amp#27;[31mjava.lang.AssertionError: expected [KBO] but found [Lacrosse]
	at org.testng.Assert.fail(Assert.java:110)
	at org.testng.Assert.failNotEquals(Assert.java:1413)
	at org.testng.Assert.assertEqualsImpl(Assert.java:149)
	at org.testng.Assert.assertEquals(Assert.java:131)
	at org.testng.Assert.assertEquals(Assert.java:655)
	at org.testng.Assert.assertEquals(Assert.java:665)
	at com.cucumber.framework.stepdefinition.SportsFilter.i_can_see_an_available_list_of_valid_sports(SportsFilter.java:72)
	at ✽.I can see an available list of valid Sports(classpath:featurefile/filterSportsListValidation.feature:7)
&amp#27;[0m
]]></system-out>
    <system-err><![CDATA[&amp#27;[32m&amp#27;[1m┌───────────────────────────────────────────────────────────────────────────────────┐&amp#27;[0m
&amp#27;[32m&amp#27;[1m│&amp#27;[0m Share your Cucumber Report with your team at &amp#27;[36m&amp#27;[1m&amp#27;[4mhttps://reports.cucumber.io&amp#27;[0m          &amp#27;[32m&amp#27;[1m│&amp#27;[0m
&amp#27;[32m&amp#27;[1m│&amp#27;[0m Activate publishing with one of the following:                                    &amp#27;[32m&amp#27;[1m│&amp#27;[0m
&amp#27;[32m&amp#27;[1m│&amp#27;[0m                                                                                   &amp#27;[32m&amp#27;[1m│&amp#27;[0m
&amp#27;[32m&amp#27;[1m│&amp#27;[0m src/test/resources/cucumber.properties:          &amp#27;[36mcucumber.publish.enabled&amp#27;[0m=&amp#27;[36mtrue&amp#27;[0m    &amp#27;[32m&amp#27;[1m│&amp#27;[0m
&amp#27;[32m&amp#27;[1m│&amp#27;[0m src/test/resources/junit-platform.properties:    &amp#27;[36mcucumber.publish.enabled&amp#27;[0m=&amp#27;[36mtrue&amp#27;[0m    &amp#27;[32m&amp#27;[1m│&amp#27;[0m
&amp#27;[32m&amp#27;[1m│&amp#27;[0m Environment variable:                            &amp#27;[36mCUCUMBER_PUBLISH_ENABLED&amp#27;[0m=&amp#27;[36mtrue&amp#27;[0m    &amp#27;[32m&amp#27;[1m│&amp#27;[0m
&amp#27;[32m&amp#27;[1m│&amp#27;[0m JUnit:                                           &amp#27;[36m@CucumberOptions&amp#27;[0m(publish = &amp#27;[36mtrue&amp#27;[0m) &amp#27;[32m&amp#27;[1m│&amp#27;[0m
&amp#27;[32m&amp#27;[1m│&amp#27;[0m                                                                                   &amp#27;[32m&amp#27;[1m│&amp#27;[0m
&amp#27;[32m&amp#27;[1m│&amp#27;[0m More information at &amp#27;[36mhttps://cucumber.io/docs/cucumber/environment-variables/&amp#27;[0m      &amp#27;[32m&amp#27;[1m│&amp#27;[0m
&amp#27;[32m&amp#27;[1m│&amp#27;[0m                                                                                   &amp#27;[32m&amp#27;[1m│&amp#27;[0m
&amp#27;[32m&amp#27;[1m│&amp#27;[0m Disable this message with one of the following:                                   &amp#27;[32m&amp#27;[1m│&amp#27;[0m
&amp#27;[32m&amp#27;[1m│&amp#27;[0m                                                                                   &amp#27;[32m&amp#27;[1m│&amp#27;[0m
&amp#27;[32m&amp#27;[1m│&amp#27;[0m src/test/resources/cucumber.properties:          &amp#27;[36mcucumber.publish.quiet&amp#27;[0m=&amp#27;[36mtrue&amp#27;[0m      &amp#27;[32m&amp#27;[1m│&amp#27;[0m
&amp#27;[32m&amp#27;[1m│&amp#27;[0m src/test/resources/junit-platform.properties:    &amp#27;[36mcucumber.publish.quiet&amp#27;[0m=&amp#27;[36mtrue&amp#27;[0m      &amp#27;[32m&amp#27;[1m│&amp#27;[0m
&amp#27;[32m&amp#27;[1m└───────────────────────────────────────────────────────────────────────────────────┘&amp#27;[0m
Starting ChromeDriver 103.0.5060.134 (8ec6fce403b3feb0869b0732eda8bd95011d333c-refs/branch-heads/5060@{#1262}) on port 58317
Only local connections are allowed.
Please see https://chromedriver.chromium.org/security-considerations for suggestions on keeping ChromeDriver safe.
ChromeDriver was started successfully.
Jul 30, 2022 6:19:59 PM org.openqa.selenium.remote.ProtocolHandshake createSession
INFO: Detected upstream dialect: W3C
Jul 30, 2022 6:19:59 PM org.openqa.selenium.devtools.CdpVersionFinder findNearestMatch
INFO: Found exact CDP implementation for version 103
]]></system-err>
  </testcase>
  <testcase name="runScenario" classname="com.cucumber.framework.runner.filterSportsfilterOutlineFeatureRunner" time="8.85"/>
</testsuite>