-------------------------------------------------------------------------------
Test set: TestSuite
-------------------------------------------------------------------------------
Tests run: 4, Failures: 1, Errors: 0, Skipped: 0, Time elapsed: 35.972 s <<< FAILURE! - in TestSuite
runScenario(com.cucumber.framework.runner.filterSportsListValidationFeatureRunner)  Time elapsed: 6.511 s  <<< FAILURE!
java.lang.AssertionError: expected [KBO] but found [Lacrosse]

